2019-06-16 22:06:46 INFO  root:18 - Program Started Successfully
2019-06-16 22:07:43 INFO  root:18 - Creating Customer
2019-06-16 22:32:31 INFO  root:18 - Program Started Successfully
2019-06-16 22:32:46 INFO  root:18 - Program Started Successfully
2019-06-16 22:32:59 INFO  root:18 - Program Started Successfully
2019-06-16 22:35:39 INFO  root:18 - Program Started Successfully
2019-06-16 22:36:58 INFO  root:18 - Program Started Successfully
2019-06-16 22:38:04 INFO  root:18 - Program Started Successfully
2019-06-16 22:38:05 INFO  root:18 - Program Started Successfully
2019-06-16 22:38:53 INFO  root:18 - Program Started Successfully
2019-06-16 22:40:09 INFO  root:18 - Program Started Successfully
2019-06-16 22:46:17 INFO  root:18 - Program Started Successfully
2019-06-16 22:48:48 INFO  root:18 - Program Started Successfully
2019-06-16 22:50:11 INFO  root:18 - Program Started Successfully
2019-06-16 22:51:33 INFO  root:18 - Program Started Successfully
2019-06-16 22:52:17 INFO  root:18 - Program Started Successfully
2019-06-16 22:54:53 INFO  root:18 - Program Started Successfully
2019-06-16 22:55:11 INFO  root:18 - Program Started Successfully
2019-06-16 22:57:26 INFO  root:18 - Program Started Successfully
2019-06-16 22:58:13 INFO  root:18 - Program Started Successfully
2019-06-16 22:59:39 INFO  root:18 - Program Started Successfully
2019-06-16 23:09:47 INFO  root:18 - Program Started Successfully
2019-06-16 23:13:02 INFO  root:18 - Program Started Successfully
2019-06-17 19:02:18 INFO  root:18 - Program Started Successfully
2019-06-17 19:02:56 INFO  root:18 - Customer chooses to log in or register
2019-06-17 19:03:11 INFO  root:18 - Customer has to repeat log in process
2019-06-17 19:03:14 INFO  root:18 - Cars displayed successfuly
2019-06-17 19:22:32 INFO  root:18 - Program Started Successfully
2019-06-17 21:42:22 INFO  root:18 - Program Started Successfully
2019-06-17 21:55:46 INFO  root:18 - Program Started Successfully
2019-06-17 21:56:56 INFO  root:18 - Program Started Successfully
2019-06-17 21:57:05 INFO  root:18 - Customer chooses to log in or register
2019-06-17 21:57:14 INFO  root:18 - Error choosing. Customer has to repeat choice
2019-06-17 21:57:25 INFO  root:18 - Program Started Successfully
2019-06-17 21:57:30 INFO  root:18 - Customer chooses to log in or register
2019-06-17 21:57:50 INFO  root:18 - Customer is now logged in
2019-06-17 21:57:59 INFO  root:18 - Cars displayed successfuly
2019-06-17 21:58:06 INFO  root:18 - Program Started Successfully
2019-06-17 21:58:54 INFO  root:18 - Program Started Successfully
2019-06-17 21:59:40 INFO  root:18 - Program Started Successfully
2019-06-17 22:01:46 INFO  root:18 - Program Started Successfully
2019-06-17 22:03:57 INFO  root:18 - Program Started Successfully
2019-06-17 22:04:18 INFO  root:18 - Cars displayed successfuly
2019-06-17 22:06:42 INFO  root:18 - Program Started Successfully
2019-06-17 22:07:24 INFO  root:18 - Cars displayed successfuly
2019-06-17 22:09:21 INFO  root:18 - Program Started Successfully
2019-06-17 22:09:42 INFO  root:18 - Cars displayed successfuly
2019-06-17 22:09:42 INFO  root:18 - Cars displayed successfuly
2019-06-17 22:23:02 INFO  root:18 - Program Started Successfully
2019-06-17 22:23:08 INFO  root:18 - Customer chooses to log in or register
2019-06-17 22:23:28 INFO  root:18 - Customer is now logged in
2019-06-17 22:23:37 INFO  root:18 - Cars displayed successfuly
2019-06-17 22:23:40 INFO  root:18 - Cars displayed successfuly
2019-06-17 22:23:40 INFO  root:18 - Cars displayed successfuly
2019-06-17 22:34:32 INFO  root:18 - Program Started Successfully
2019-06-17 22:37:08 INFO  root:18 - Program Started Successfully
2019-06-17 22:38:58 INFO  root:18 - Program Started Successfully
2019-06-17 22:39:24 INFO  root:18 - Cars displayed successfuly
2019-06-17 22:39:30 INFO  root:18 - Cars displayed successfuly
2019-06-17 22:39:32 INFO  root:18 - Cars displayed successfuly
2019-06-17 22:39:36 INFO  root:18 - Cars displayed successfuly
2019-06-17 22:41:00 INFO  root:18 - Program Started Successfully
2019-06-17 22:41:16 INFO  root:18 - Cars displayed successfuly
2019-06-17 22:41:22 INFO  root:18 - Cars displayed successfuly
2019-06-17 22:41:24 INFO  root:18 - Cars displayed successfuly
2019-06-17 22:41:24 INFO  root:18 - Cars displayed successfuly
2019-06-17 22:41:25 INFO  root:18 - Cars displayed successfuly
2019-06-17 22:41:26 INFO  root:18 - Cars displayed successfuly
2019-06-17 22:41:26 INFO  root:18 - Cars displayed successfuly
2019-06-17 22:41:27 INFO  root:18 - Cars displayed successfuly
2019-06-17 22:41:27 INFO  root:18 - Cars displayed successfuly
2019-06-17 22:42:07 INFO  root:18 - Program Started Successfully
2019-06-17 22:42:22 INFO  root:18 - Cars displayed successfuly
2019-06-17 22:42:25 INFO  root:18 - Cars displayed successfuly
2019-06-17 22:42:29 INFO  root:18 - Cars displayed successfuly
2019-06-17 22:42:42 INFO  root:18 - Program Started Successfully
2019-06-17 22:42:47 INFO  root:18 - Customer chooses to log in or register
2019-06-17 22:43:10 INFO  root:18 - Customer is now logged in
2019-06-17 22:44:12 INFO  root:18 - Program Started Successfully
2019-06-17 22:44:36 INFO  root:18 - Cars displayed successfuly
2019-06-17 22:44:38 INFO  root:18 - Cars displayed successfuly
2019-06-17 22:44:39 INFO  root:18 - Cars displayed successfuly
2019-06-17 22:44:40 INFO  root:18 - Cars displayed successfuly
2019-06-17 22:44:43 INFO  root:18 - Cars displayed successfuly
2019-06-17 22:58:31 INFO  root:18 - Program Started Successfully
2019-06-17 22:58:34 INFO  root:18 - Customer chooses to log in or register
2019-06-17 22:58:46 INFO  root:18 - Customer is now logged in
2019-06-17 22:58:49 INFO  root:18 - Cars displayed successfuly
2019-06-17 22:58:50 INFO  root:18 - Cars displayed successfuly
2019-06-17 22:58:51 INFO  root:18 - Cars displayed successfuly
2019-06-17 22:58:56 INFO  root:18 - Cars displayed successfuly
2019-06-17 22:59:03 INFO  root:18 - Customer has successfully made an offer
2019-06-18 00:08:58 INFO  root:18 - Program Started Successfully
2019-06-18 00:11:51 INFO  root:18 - Employee is now logged in
2019-06-18 01:02:56 INFO  root:18 - Program Started Successfully
2019-06-18 01:03:40 INFO  root:18 - Program Started Successfully
2019-06-18 01:06:48 INFO  root:18 - Program Started Successfully
2019-06-18 01:07:05 INFO  root:18 - Employee is now logged in
2019-06-18 01:10:34 INFO  root:18 - Program Started Successfully
2019-06-18 01:10:47 INFO  root:18 - Employee has to repeat log in process
2019-06-18 01:10:52 INFO  root:18 - Employee is now logged in
2019-06-18 01:11:39 INFO  root:18 - New car added
2019-06-18 01:14:48 INFO  root:18 - Cars displayed successfuly
2019-06-18 01:14:56 INFO  root:18 - Cars displayed successfuly
2019-06-18 01:15:06 INFO  root:18 - Cars displayed successfuly
2019-06-18 01:16:17 INFO  root:18 - New car added
2019-06-18 01:16:21 INFO  root:18 - Cars displayed successfuly
2019-06-18 01:20:31 INFO  root:18 - Program Started Successfully
2019-06-18 01:20:43 INFO  root:18 - Customer chooses to log in or register
2019-06-18 01:21:19 INFO  root:18 - Customer can now log in after registration
2019-06-18 01:21:22 INFO  root:18 - Creating Customer was successful
2019-06-18 01:21:33 INFO  root:18 - Customer has to repeat log in process
2019-06-18 09:04:30 INFO  root:18 - Program Started Successfully
2019-06-18 09:06:13 INFO  root:18 - Employee is now logged in
2019-06-18 09:07:04 INFO  root:18 - Program Started Successfully
2019-06-18 09:07:27 INFO  root:18 - Employee is now logged in
2019-06-18 09:07:56 INFO  root:18 - New car added
2019-06-18 09:53:00 INFO  root:18 - Program Started Successfully
2019-06-18 09:53:21 INFO  root:18 - Employee is now logged in
2019-06-18 10:20:59 INFO  root:18 - Program Started Successfully
2019-06-18 10:21:10 INFO  root:18 - Employee is now logged in
2019-06-18 10:26:30 INFO  root:18 - Program Started Successfully
2019-06-18 10:26:48 INFO  root:18 - Employee is now logged in
2019-06-18 13:17:20 INFO  root:18 - Program Started Successfully
2019-06-18 13:48:29 INFO  root:18 - Employee is now logged in
2019-06-18 14:04:03 INFO  root:18 - Program Started Successfully
2019-06-18 14:04:29 INFO  root:18 - Employee is now logged in
2019-06-18 14:05:26 INFO  root:18 - Creating Car was successful
2019-06-18 14:05:26 INFO  root:18 - New car added
2019-06-18 14:13:25 INFO  root:18 - Program Started Successfully
2019-06-18 14:33:05 INFO  root:18 - Employee is now logged in
2019-06-18 14:33:14 INFO  root:18 - New car added
2019-06-18 14:34:34 INFO  root:18 - Program Started Successfully
2019-06-18 14:34:50 INFO  root:18 - Employee is now logged in
2019-06-18 14:35:08 INFO  root:18 - Program Started Successfully
2019-06-18 14:35:18 INFO  root:18 - Employee is now logged in
2019-06-18 14:35:31 INFO  root:18 - New car added
2019-06-18 14:35:40 INFO  root:18 - Program Started Successfully
2019-06-18 14:35:51 INFO  root:18 - Customer chooses to log in or register
2019-06-18 14:35:53 INFO  root:18 - Error choosing. Customer has to repeat choice
2019-06-18 14:36:02 INFO  root:18 - Program Started Successfully
2019-06-18 14:36:11 INFO  root:18 - Employee is now logged in
2019-06-18 14:36:36 INFO  root:18 - Creating Car was successful
2019-06-18 14:36:36 INFO  root:18 - New car added
2019-06-18 14:39:43 INFO  root:18 - Program Started Successfully
2019-06-18 14:40:00 INFO  root:18 - Employee is now logged in
2019-06-18 14:43:30 INFO  root:18 - Program Started Successfully
2019-06-18 14:43:43 INFO  root:18 - Employee is now logged in
2019-06-18 14:48:40 INFO  root:18 - Program Started Successfully
2019-06-18 14:48:47 INFO  root:18 - Employee is now logged in
2019-06-18 14:48:50 INFO  root:18 - Cars displayed successfully
2019-06-18 14:48:55 INFO  root:18 - A car has been removed
2019-06-18 14:48:55 INFO  root:18 - Cars displayed successfully
2019-06-18 14:49:54 INFO  root:18 - A car has been removed
2019-06-18 14:49:54 INFO  root:18 - Cars displayed successfully
2019-06-18 14:55:51 INFO  root:18 - Program Started Successfully
2019-06-18 14:56:00 INFO  root:18 - Employee is now logged in
2019-06-18 15:00:58 INFO  root:18 - Program Started Successfully
2019-06-18 15:01:13 INFO  root:18 - Program Started Successfully
2019-06-18 15:01:23 INFO  root:18 - Employee is now logged in
2019-06-18 15:01:24 INFO  root:18 - Cars displayed successfully
2019-06-18 15:03:15 INFO  root:18 - Program Started Successfully
2019-06-18 15:03:23 INFO  root:18 - Employee is now logged in
2019-06-18 15:03:25 INFO  root:18 - Cars displayed successfully
2019-06-18 15:05:07 INFO  root:18 - Program Started Successfully
2019-06-18 15:06:25 INFO  root:18 - Employee has to repeat log in process
2019-06-18 15:06:35 INFO  root:18 - Employee is now logged in
2019-06-18 15:06:37 INFO  root:18 - Cars displayed successfully
2019-06-18 15:06:46 INFO  root:18 - A car has been removed
2019-06-18 15:06:46 INFO  root:18 - Cars displayed successfully
2019-06-18 15:06:54 INFO  root:18 - Program Started Successfully
2019-06-18 15:07:56 INFO  root:18 - Program Started Successfully
2019-06-18 15:08:04 INFO  root:18 - Employee is now logged in
2019-06-18 15:08:09 INFO  root:18 - Cars displayed successfully
2019-06-18 15:08:12 INFO  root:18 - A car has been removed
2019-06-18 15:08:12 INFO  root:18 - Cars displayed successfully
2019-06-18 15:10:55 INFO  root:18 - Program Started Successfully
2019-06-18 15:11:03 INFO  root:18 - Employee is now logged in
2019-06-18 15:11:06 INFO  root:18 - Cars displayed successfully
2019-06-18 15:11:09 INFO  root:18 - A car has been removed
2019-06-18 15:11:09 INFO  root:18 - Cars displayed successfully
2019-06-18 15:12:58 INFO  root:18 - Program Started Successfully
2019-06-18 15:12:59 INFO  root:18 - Program Started Successfully
2019-06-18 15:13:09 INFO  root:18 - Employee is now logged in
2019-06-18 15:13:12 INFO  root:18 - Cars displayed successfully
2019-06-18 15:13:13 INFO  root:18 - A car has been removed
2019-06-18 15:13:13 INFO  root:18 - Cars displayed successfully
2019-06-18 15:14:38 INFO  root:18 - Program Started Successfully
2019-06-18 15:14:45 INFO  root:18 - Employee is now logged in
2019-06-18 15:14:48 INFO  root:18 - Cars displayed successfully
2019-06-18 15:15:05 INFO  root:18 - Cars displayed successfully
2019-06-18 15:15:11 INFO  root:18 - A car has been removed
2019-06-18 15:15:11 INFO  root:18 - Cars displayed successfully
2019-06-18 15:33:53 INFO  root:18 - Program Started Successfully
2019-06-18 16:46:36 INFO  root:18 - Program Started Successfully
2019-06-18 16:46:42 INFO  root:18 - Customer chooses to log in or register
2019-06-18 16:46:54 INFO  root:18 - Customer has to repeat log in process
2019-06-18 16:48:07 INFO  root:18 - Program Started Successfully
